<?xml version="1.0" encoding="UTF-8"?>
<testng-results skipped="0" failed="0" total="1" passed="1">
  <reporter-output>
  </reporter-output>
  <suite name="Default suite" duration-ms="97909" started-at="2022-01-04T05:34:59Z" finished-at="2022-01-04T05:36:37Z">
    <groups>
    </groups>
    <test name="Default test" duration-ms="97909" started-at="2022-01-04T05:34:59Z" finished-at="2022-01-04T05:36:37Z">
      <class name="Test.MainClass">
        <test-method status="PASS" signature="getBrowser()[pri:0, instance:Test.MainClass@49993335]" name="getBrowser" is-config="true" duration-ms="15355" started-at="2022-01-04T11:04:44Z" finished-at="2022-01-04T11:04:59Z">
          <reporter-output>
          </reporter-output>
        </test-method> <!-- getBrowser -->
        <test-method status="PASS" signature="corporateWellness()[pri:3, instance:Test.MainClass@49993335]" name="corporateWellness" duration-ms="97827" started-at="2022-01-04T11:05:00Z" finished-at="2022-01-04T11:06:37Z">
          <reporter-output>
          </reporter-output>
        </test-method> <!-- corporateWellness -->
        <test-method status="PASS" signature="closeBrowser()[pri:0, instance:Test.MainClass@49993335]" name="closeBrowser" is-config="true" duration-ms="4939" started-at="2022-01-04T11:06:37Z" finished-at="2022-01-04T11:06:42Z">
          <reporter-output>
          </reporter-output>
        </test-method> <!-- closeBrowser -->
      </class> <!-- Test.MainClass -->
    </test> <!-- Default test -->
  </suite> <!-- Default suite -->
</testng-results>
